{"/Users/philiplondon/Playground/codecademy/be-challenge/src/index.ts": {"path":"/Users/philiplondon/Playground/codecademy/be-challenge/src/index.ts","statementMap":{"0":{"start":{"line":1,"column":0},"end":{"line":1,"column":35}},"1":{"start":{"line":2,"column":0},"end":{"line":2,"column":42}},"2":{"start":{"line":3,"column":0},"end":{"line":3,"column":33}},"3":{"start":{"line":4,"column":0},"end":{"line":4,"column":25}},"4":{"start":{"line":5,"column":0},"end":{"line":5,"column":29}},"5":{"start":{"line":7,"column":0},"end":{"line":7,"column":48}},"6":{"start":{"line":8,"column":0},"end":{"line":8,"column":46}},"7":{"start":{"line":10,"column":0},"end":{"line":10,"column":50}},"8":{"start":{"line":21,"column":0},"end":{"line":23,"column":null}},"9":{"start":{"line":22,"column":2},"end":{"line":22,"column":54}},"10":{"start":{"line":25,"column":20},"end":{"line":25,"column":48}},"11":{"start":{"line":26,"column":12},"end":{"line":26,"column":21}},"12":{"start":{"line":29,"column":0},"end":{"line":29,"column":68}},"13":{"start":{"line":32,"column":0},"end":{"line":32,"column":27}},"14":{"start":{"line":35,"column":0},"end":{"line":37,"column":null}},"15":{"start":{"line":36,"column":2},"end":{"line":36,"column":48}},"16":{"start":{"line":40,"column":16},"end":{"line":47,"column":2}},"17":{"start":{"line":42,"column":4},"end":{"line":42,"column":48}},"18":{"start":{"line":45,"column":4},"end":{"line":45,"column":51}},"19":{"start":{"line":48,"column":15},"end":{"line":48,"column":41}},"20":{"start":{"line":78,"column":0},"end":{"line":95,"column":2}},"21":{"start":{"line":83,"column":17},"end":{"line":83,"column":25}},"22":{"start":{"line":84,"column":4},"end":{"line":88,"column":null}},"23":{"start":{"line":85,"column":6},"end":{"line":85,"column":40}},"24":{"start":{"line":86,"column":6},"end":{"line":86,"column":56}},"25":{"start":{"line":87,"column":6},"end":{"line":87,"column":13}},"26":{"start":{"line":89,"column":4},"end":{"line":89,"column":50}},"27":{"start":{"line":90,"column":4},"end":{"line":93,"column":7}},"28":{"start":{"line":119,"column":0},"end":{"line":138,"column":2}},"29":{"start":{"line":126,"column":15},"end":{"line":126,"column":28}},"30":{"start":{"line":127,"column":21},"end":{"line":127,"column":56}},"31":{"start":{"line":128,"column":4},"end":{"line":136,"column":7}},"32":{"start":{"line":129,"column":6},"end":{"line":135,"column":null}},"33":{"start":{"line":130,"column":8},"end":{"line":130,"column":59}},"34":{"start":{"line":131,"column":8},"end":{"line":131,"column":61}},"35":{"start":{"line":133,"column":8},"end":{"line":133,"column":42}},"36":{"start":{"line":134,"column":8},"end":{"line":134,"column":72}},"37":{"start":{"line":173,"column":0},"end":{"line":206,"column":2}},"38":{"start":{"line":178,"column":15},"end":{"line":178,"column":28}},"39":{"start":{"line":179,"column":21},"end":{"line":179,"column":56}},"40":{"start":{"line":181,"column":4},"end":{"line":185,"column":null}},"41":{"start":{"line":182,"column":6},"end":{"line":182,"column":44}},"42":{"start":{"line":183,"column":6},"end":{"line":183,"column":54}},"43":{"start":{"line":184,"column":6},"end":{"line":184,"column":13}},"44":{"start":{"line":187,"column":4},"end":{"line":204,"column":7}},"45":{"start":{"line":188,"column":6},"end":{"line":203,"column":null}},"46":{"start":{"line":189,"column":8},"end":{"line":189,"column":59}},"47":{"start":{"line":190,"column":8},"end":{"line":190,"column":61}},"48":{"start":{"line":192,"column":21},"end":{"line":192,"column":29}},"49":{"start":{"line":193,"column":8},"end":{"line":197,"column":null}},"50":{"start":{"line":194,"column":10},"end":{"line":194,"column":44}},"51":{"start":{"line":195,"column":10},"end":{"line":195,"column":60}},"52":{"start":{"line":196,"column":10},"end":{"line":196,"column":17}},"53":{"start":{"line":198,"column":8},"end":{"line":198,"column":64}},"54":{"start":{"line":199,"column":8},"end":{"line":202,"column":11}},"55":{"start":{"line":229,"column":0},"end":{"line":242,"column":3}},"56":{"start":{"line":231,"column":13},"end":{"line":231,"column":26}},"57":{"start":{"line":232,"column":19},"end":{"line":232,"column":54}},"58":{"start":{"line":233,"column":2},"end":{"line":241,"column":5}},"59":{"start":{"line":234,"column":4},"end":{"line":240,"column":null}},"60":{"start":{"line":235,"column":6},"end":{"line":235,"column":59}},"61":{"start":{"line":236,"column":6},"end":{"line":236,"column":54}},"62":{"start":{"line":238,"column":6},"end":{"line":238,"column":42}},"63":{"start":{"line":239,"column":6},"end":{"line":239,"column":41}},"64":{"start":{"line":267,"column":0},"end":{"line":281,"column":3}},"65":{"start":{"line":268,"column":20},"end":{"line":268,"column":51}},"66":{"start":{"line":269,"column":2},"end":{"line":280,"column":5}},"67":{"start":{"line":270,"column":4},"end":{"line":279,"column":null}},"68":{"start":{"line":271,"column":6},"end":{"line":271,"column":63}},"69":{"start":{"line":272,"column":6},"end":{"line":272,"column":63}},"70":{"start":{"line":274,"column":19},"end":{"line":276,"column":9}},"71":{"start":{"line":274,"column":38},"end":{"line":276,"column":8}},"72":{"start":{"line":277,"column":6},"end":{"line":277,"column":63}},"73":{"start":{"line":278,"column":6},"end":{"line":278,"column":33}},"74":{"start":{"line":284,"column":13},"end":{"line":284,"column":17}},"75":{"start":{"line":285,"column":15},"end":{"line":289,"column":2}},"76":{"start":{"line":286,"column":2},"end":{"line":288,"column":4}},"77":{"start":{"line":291,"column":0},"end":{"line":296,"column":3}},"78":{"start":{"line":292,"column":2},"end":{"line":292,"column":62}},"79":{"start":{"line":293,"column":2},"end":{"line":295,"column":5}},"80":{"start":{"line":294,"column":4},"end":{"line":294,"column":38}},"81":{"start":{"line":298,"column":0},"end":{"line":298,"column":24}}},"fnMap":{"0":{"name":"(anonymous_0)","decl":{"start":{"line":41,"column":15},"end":{"line":41,"column":25}},"loc":{"start":{"line":41,"column":53},"end":{"line":43,"column":3}}},"1":{"name":"(anonymous_1)","decl":{"start":{"line":44,"column":12},"end":{"line":44,"column":22}},"loc":{"start":{"line":44,"column":50},"end":{"line":46,"column":3}}},"2":{"name":"(anonymous_2)","decl":{"start":{"line":81,"column":2},"end":{"line":81,"column":3}},"loc":{"start":{"line":81,"column":54},"end":{"line":94,"column":3}}},"3":{"name":"(anonymous_3)","decl":{"start":{"line":121,"column":2},"end":{"line":121,"column":null}},"loc":{"start":{"line":124,"column":6},"end":{"line":137,"column":3}}},"4":{"name":"(anonymous_4)","decl":{"start":{"line":128,"column":24},"end":{"line":128,"column":27}},"loc":{"start":{"line":128,"column":30},"end":{"line":136,"column":5}}},"5":{"name":"(anonymous_5)","decl":{"start":{"line":176,"column":2},"end":{"line":176,"column":3}},"loc":{"start":{"line":176,"column":68},"end":{"line":205,"column":3}}},"6":{"name":"(anonymous_6)","decl":{"start":{"line":187,"column":24},"end":{"line":187,"column":27}},"loc":{"start":{"line":187,"column":30},"end":{"line":204,"column":5}}},"7":{"name":"(anonymous_7)","decl":{"start":{"line":229,"column":25},"end":{"line":229,"column":26}},"loc":{"start":{"line":229,"column":71},"end":{"line":242,"column":1}}},"8":{"name":"(anonymous_8)","decl":{"start":{"line":233,"column":20},"end":{"line":233,"column":21}},"loc":{"start":{"line":233,"column":35},"end":{"line":241,"column":3}}},"9":{"name":"(anonymous_9)","decl":{"start":{"line":267,"column":21},"end":{"line":267,"column":22}},"loc":{"start":{"line":267,"column":75},"end":{"line":281,"column":1}}},"10":{"name":"(anonymous_10)","decl":{"start":{"line":269,"column":24},"end":{"line":269,"column":25}},"loc":{"start":{"line":269,"column":39},"end":{"line":280,"column":3}}},"11":{"name":"(anonymous_11)","decl":{"start":{"line":274,"column":29},"end":{"line":274,"column":33}},"loc":{"start":{"line":274,"column":38},"end":{"line":276,"column":8}}},"12":{"name":"(anonymous_12)","decl":{"start":{"line":285,"column":32},"end":{"line":285,"column":35}},"loc":{"start":{"line":285,"column":37},"end":{"line":289,"column":1}}},"13":{"name":"(anonymous_13)","decl":{"start":{"line":291,"column":22},"end":{"line":291,"column":25}},"loc":{"start":{"line":291,"column":27},"end":{"line":296,"column":1}}},"14":{"name":"(anonymous_14)","decl":{"start":{"line":293,"column":15},"end":{"line":293,"column":18}},"loc":{"start":{"line":293,"column":20},"end":{"line":295,"column":3}}}},"branchMap":{"0":{"loc":{"start":{"line":21,"column":0},"end":{"line":23,"column":null}},"type":"if","locations":[{"start":{"line":21,"column":0},"end":{"line":23,"column":null}}]},"1":{"loc":{"start":{"line":35,"column":0},"end":{"line":37,"column":null}},"type":"if","locations":[{"start":{"line":35,"column":0},"end":{"line":37,"column":null}}]},"2":{"loc":{"start":{"line":84,"column":4},"end":{"line":88,"column":null}},"type":"if","locations":[{"start":{"line":84,"column":4},"end":{"line":88,"column":null}}]},"3":{"loc":{"start":{"line":129,"column":6},"end":{"line":135,"column":null}},"type":"if","locations":[{"start":{"line":129,"column":6},"end":{"line":135,"column":null}},{"start":{"line":132,"column":13},"end":{"line":135,"column":null}}]},"4":{"loc":{"start":{"line":181,"column":4},"end":{"line":185,"column":null}},"type":"if","locations":[{"start":{"line":181,"column":4},"end":{"line":185,"column":null}}]},"5":{"loc":{"start":{"line":188,"column":6},"end":{"line":203,"column":null}},"type":"if","locations":[{"start":{"line":188,"column":6},"end":{"line":203,"column":null}},{"start":{"line":191,"column":13},"end":{"line":203,"column":null}}]},"6":{"loc":{"start":{"line":193,"column":8},"end":{"line":197,"column":null}},"type":"if","locations":[{"start":{"line":193,"column":8},"end":{"line":197,"column":null}}]},"7":{"loc":{"start":{"line":234,"column":4},"end":{"line":240,"column":null}},"type":"if","locations":[{"start":{"line":234,"column":4},"end":{"line":240,"column":null}},{"start":{"line":237,"column":11},"end":{"line":240,"column":null}}]},"8":{"loc":{"start":{"line":234,"column":8},"end":{"line":234,"column":30}},"type":"binary-expr","locations":[{"start":{"line":234,"column":8},"end":{"line":234,"column":11}},{"start":{"line":234,"column":15},"end":{"line":234,"column":30}}]},"9":{"loc":{"start":{"line":270,"column":4},"end":{"line":279,"column":null}},"type":"if","locations":[{"start":{"line":270,"column":4},"end":{"line":279,"column":null}},{"start":{"line":273,"column":11},"end":{"line":279,"column":null}}]}},"s":{"0":1,"1":1,"2":1,"3":1,"4":1,"5":1,"6":1,"7":1,"8":1,"9":1,"10":1,"11":1,"12":1,"13":1,"14":1,"15":1,"16":1,"17":4,"18":4,"19":1,"20":1,"21":4,"22":4,"23":1,"24":1,"25":1,"26":3,"27":3,"28":1,"29":2,"30":2,"31":2,"32":2,"33":1,"34":1,"35":1,"36":1,"37":1,"38":1,"39":1,"40":1,"41":0,"42":0,"43":0,"44":1,"45":1,"46":0,"47":0,"48":1,"49":1,"50":0,"51":0,"52":0,"53":1,"54":1,"55":1,"56":0,"57":0,"58":0,"59":0,"60":0,"61":0,"62":0,"63":0,"64":1,"65":0,"66":0,"67":0,"68":0,"69":0,"70":0,"71":0,"72":0,"73":0,"74":1,"75":1,"76":1,"77":1,"78":0,"79":0,"80":0,"81":1},"f":{"0":4,"1":4,"2":4,"3":2,"4":2,"5":1,"6":1,"7":0,"8":0,"9":0,"10":0,"11":0,"12":1,"13":0,"14":0},"b":{"0":[1],"1":[1],"2":[1],"3":[1,1],"4":[0],"5":[0,1],"6":[0],"7":[0,0],"8":[0,0],"9":[0,0]}}
}
