TN:
SF:src/index.ts
FN:41,(anonymous_0)
FN:44,(anonymous_1)
FN:81,(anonymous_2)
FN:121,(anonymous_3)
FN:128,(anonymous_4)
FN:176,(anonymous_5)
FN:187,(anonymous_6)
FN:229,(anonymous_7)
FN:233,(anonymous_8)
FN:267,(anonymous_9)
FN:269,(anonymous_10)
FN:274,(anonymous_11)
FN:285,(anonymous_12)
FN:291,(anonymous_13)
FN:293,(anonymous_14)
FNF:15
FNH:13
FNDA:5,(anonymous_0)
FNDA:5,(anonymous_1)
FNDA:5,(anonymous_2)
FNDA:2,(anonymous_3)
FNDA:2,(anonymous_4)
FNDA:3,(anonymous_5)
FNDA:2,(anonymous_6)
FNDA:2,(anonymous_7)
FNDA:2,(anonymous_8)
FNDA:1,(anonymous_9)
FNDA:1,(anonymous_10)
FNDA:2,(anonymous_11)
FNDA:1,(anonymous_12)
FNDA:0,(anonymous_13)
FNDA:0,(anonymous_14)
DA:1,1
DA:2,1
DA:3,1
DA:4,1
DA:5,1
DA:7,1
DA:8,1
DA:10,1
DA:21,1
DA:22,1
DA:25,1
DA:26,1
DA:29,1
DA:32,1
DA:35,1
DA:36,1
DA:40,1
DA:42,5
DA:45,5
DA:48,1
DA:78,1
DA:83,5
DA:84,5
DA:85,1
DA:86,1
DA:87,1
DA:89,4
DA:90,4
DA:119,1
DA:126,2
DA:127,2
DA:128,2
DA:129,2
DA:130,1
DA:131,1
DA:133,1
DA:134,1
DA:173,1
DA:178,3
DA:179,3
DA:181,3
DA:182,1
DA:183,1
DA:184,1
DA:187,2
DA:188,2
DA:189,0
DA:190,0
DA:192,2
DA:193,2
DA:194,1
DA:195,1
DA:196,1
DA:198,1
DA:199,1
DA:229,1
DA:231,2
DA:232,2
DA:233,2
DA:234,2
DA:235,1
DA:236,1
DA:238,1
DA:239,1
DA:267,1
DA:268,1
DA:269,1
DA:270,1
DA:271,0
DA:272,0
DA:274,2
DA:277,1
DA:278,1
DA:284,1
DA:285,1
DA:286,1
DA:291,1
DA:292,0
DA:293,0
DA:294,0
DA:298,1
LF:81
LH:74
BRDA:21,0,0,1
BRDA:35,1,0,1
BRDA:84,2,0,1
BRDA:129,3,0,1
BRDA:129,3,1,1
BRDA:181,4,0,1
BRDA:188,5,0,0
BRDA:188,5,1,2
BRDA:193,6,0,1
BRDA:234,7,0,1
BRDA:234,7,1,1
BRDA:234,8,0,2
BRDA:234,8,1,1
BRDA:270,9,0,0
BRDA:270,9,1,1
BRF:15
BRH:13
end_of_record
